<?xml version="1.0" encoding="UTF-8"?>
<!-- Generated by org.testng.reporters.JUnitReportReporter -->
<testsuite hostname="DESKTOP-1CCS179" failures="0" tests="2" name="com.odoo.testlayer.LoginTest" time="31.160" errors="0" timestamp="2024-04-07T09:24:02 IST" skipped="0">
  <testcase classname="com.odoo.testlayer.LoginTest" name="verifyLoginWithInValidDetails" time="21.875"/>
  <system-out/>
  <testcase classname="com.odoo.testlayer.LoginTest" name="verifyLoginWithValidDetails" time="9.285"/>
  <system-out/>
</testsuite> <!-- com.odoo.testlayer.LoginTest -->
